<?xml version="1.0" encoding="UTF-8"?>
<!-- Generated by org.testng.reporters.JUnitXMLReporter -->
<testsuite ignored="0" hostname="binsonPc" failures="0" tests="10" name=" functionalTesting" time="53.424" errors="0" timestamp="2021-05-04T16:14:37 EDT">
  <testcase classname="Test.TC_01_AddCustomersTest" name="AddCust" time="2.729"/>
  <testcase classname="Test.TC_02_LoginTest" name="getTitle" time="2.941"/>
  <testcase classname="Test.TC_02_LoginTest" name="LogoVerification" time="0.808"/>
  <testcase classname="Test.TC_02_LoginTest" name="btnClickable" time="0.337"/>
  <testcase classname="Test.TC_02_LoginTest" name="display" time="0.818"/>
  <testcase classname="Test.TC_03_LogIn_TestDD" name="loginDDT" time="9.393"/>
  <testcase classname="Test.TC_03_LogIn_TestDD" name="loginDDT" time="7.329"/>
  <testcase classname="Test.TC_03_LogIn_TestDD" name="loginDDT" time="7.679"/>
  <testcase classname="Test.TC_03_LogIn_TestDD" name="loginDDT" time="7.049"/>
  <testcase classname="Test.TC_04_Deposits" name="addDeposit" time="5.099"/>
</testsuite> <!--  functionalTesting -->
