<?xml version="1.0" encoding="UTF-8"?>
<!-- Generated by org.testng.reporters.JUnitXMLReporter -->
<testsuite ignored="0" hostname="binsonPc" failures="0" tests="9" name=" functionalTesting" time="31.222" errors="0" timestamp="2021-05-01T11:28:02 EDT">
  <testcase classname="Test.TC_01_AddCustomersTest" name="AddCust" time="2.577"/>
  <testcase classname="Test.TC_02_LoginTest" name="getTitle" time="1.251"/>
  <testcase classname="Test.TC_02_LoginTest" name="LogoVerification" time="0.756"/>
  <testcase classname="Test.TC_02_LoginTest" name="btnClickable" time="0.245"/>
  <testcase classname="Test.TC_02_LoginTest" name="display" time="0.787"/>
  <testcase classname="Test.TC_03_LogIn_TestDD" name="loginDDT" time="4.908"/>
  <testcase classname="Test.TC_03_LogIn_TestDD" name="loginDDT" time="4.627"/>
  <testcase classname="Test.TC_03_LogIn_TestDD" name="loginDDT" time="4.389"/>
  <testcase classname="Test.TC_03_LogIn_TestDD" name="loginDDT" time="4.508"/>
</testsuite> <!--  functionalTesting -->
