<?xml version="1.0" encoding="UTF-8"?>
<testng-results ignored="0" total="1" passed="1" failed="0" skipped="0">
  <reporter-output>
  </reporter-output>
  <suite started-at="2021-05-04T16:21:37 EDT" name="Default suite" finished-at="2021-05-04T16:21:46 EDT" duration-ms="8601">
    <groups>
    </groups>
    <test started-at="2021-05-04T16:21:37 EDT" name="Default test" finished-at="2021-05-04T16:21:46 EDT" duration-ms="8601">
      <class name="Test.TC_04_Deposits">
        <test-method is-config="true" signature="SetUp(java.lang.String)[pri:0, instance:Test.TC_04_Deposits@3315d2d7]" started-at="2021-05-04T16:21:37 EDT" name="SetUp" finished-at="2021-05-04T16:21:39 EDT" duration-ms="1881" status="PASS">
          <params>
            <param index="0">
              <value>
                <![CDATA[Chrome]]>
              </value>
            </param>
          </params>
          <reporter-output>
          </reporter-output>
        </test-method> <!-- SetUp -->
        <test-method signature="addDeposit()[pri:0, instance:Test.TC_04_Deposits@3315d2d7]" started-at="2021-05-04T16:21:39 EDT" name="addDeposit" finished-at="2021-05-04T16:21:45 EDT" duration-ms="5995" status="PASS">
          <reporter-output>
          </reporter-output>
        </test-method> <!-- addDeposit -->
        <test-method is-config="true" signature="tearDown()[pri:0, instance:Test.TC_04_Deposits@3315d2d7]" started-at="2021-05-04T16:21:45 EDT" name="tearDown" finished-at="2021-05-04T16:21:46 EDT" duration-ms="695" status="PASS">
          <reporter-output>
          </reporter-output>
        </test-method> <!-- tearDown -->
      </class> <!-- Test.TC_04_Deposits -->
    </test> <!-- Default test -->
  </suite> <!-- Default suite -->
</testng-results>
