<?xml version="1.0" encoding="UTF-8"?>
<testng-results ignored="0" total="9" passed="9" failed="0" skipped="0">
  <reporter-output>
  </reporter-output>
  <suite started-at="2021-05-01T11:27:31 EDT" name="Suite1" finished-at="2021-05-01T11:28:02 EDT" duration-ms="31222">
    <groups>
    </groups>
    <test started-at="2021-05-01T11:27:31 EDT" name=" functionalTesting" finished-at="2021-05-01T11:28:02 EDT" duration-ms="31222">
      <class name="Test.TC_02_LoginTest">
        <test-method is-config="true" signature="SetUp(java.lang.String)[pri:0, instance:Test.TC_02_LoginTest@73ee04c8]" started-at="2021-05-01T11:27:36 EDT" name="SetUp" finished-at="2021-05-01T11:27:37 EDT" duration-ms="1256" status="PASS">
          <params>
            <param index="0">
              <value>
                <![CDATA[chrome]]>
              </value>
            </param>
          </params>
          <reporter-output>
          </reporter-output>
        </test-method> <!-- SetUp -->
        <test-method signature="getTitle()[pri:1, instance:Test.TC_02_LoginTest@73ee04c8]" started-at="2021-05-01T11:27:37 EDT" name="getTitle" finished-at="2021-05-01T11:27:38 EDT" duration-ms="1251" status="PASS">
          <reporter-output>
          </reporter-output>
        </test-method> <!-- getTitle -->
        <test-method signature="LogoVerification()[pri:2, instance:Test.TC_02_LoginTest@73ee04c8]" started-at="2021-05-01T11:27:38 EDT" name="LogoVerification" finished-at="2021-05-01T11:27:39 EDT" duration-ms="756" status="PASS">
          <reporter-output>
          </reporter-output>
        </test-method> <!-- LogoVerification -->
        <test-method signature="btnClickable()[pri:3, instance:Test.TC_02_LoginTest@73ee04c8]" started-at="2021-05-01T11:27:39 EDT" name="btnClickable" finished-at="2021-05-01T11:27:39 EDT" duration-ms="245" status="PASS">
          <reporter-output>
          </reporter-output>
        </test-method> <!-- btnClickable -->
        <test-method signature="display()[pri:4, instance:Test.TC_02_LoginTest@73ee04c8]" started-at="2021-05-01T11:27:39 EDT" name="display" finished-at="2021-05-01T11:27:40 EDT" duration-ms="787" status="PASS">
          <reporter-output>
          </reporter-output>
        </test-method> <!-- display -->
        <test-method is-config="true" signature="tearDown()[pri:0, instance:Test.TC_02_LoginTest@73ee04c8]" started-at="2021-05-01T11:27:40 EDT" name="tearDown" finished-at="2021-05-01T11:27:41 EDT" duration-ms="684" status="PASS">
          <reporter-output>
          </reporter-output>
        </test-method> <!-- tearDown -->
      </class> <!-- Test.TC_02_LoginTest -->
      <class name="Test.TC_03_LogIn_TestDD">
        <test-method is-config="true" signature="SetUp(java.lang.String)[pri:0, instance:Test.TC_03_LogIn_TestDD@7671cb68]" started-at="2021-05-01T11:27:41 EDT" name="SetUp" finished-at="2021-05-01T11:27:42 EDT" duration-ms="1264" status="PASS">
          <params>
            <param index="0">
              <value>
                <![CDATA[chrome]]>
              </value>
            </param>
          </params>
          <reporter-output>
          </reporter-output>
        </test-method> <!-- SetUp -->
        <test-method signature="loginDDT(java.lang.String, java.lang.String)[pri:0, instance:Test.TC_03_LogIn_TestDD@7671cb68]" started-at="2021-05-01T11:27:43 EDT" name="loginDDT" data-provider="LoginData" finished-at="2021-05-01T11:27:48 EDT" duration-ms="4908" status="PASS">
          <params>
            <param index="0">
              <value>
                <![CDATA[mngr323566]]>
              </value>
            </param>
            <param index="1">
              <value>
                <![CDATA[EbAdyse]]>
              </value>
            </param>
          </params>
          <reporter-output>
          </reporter-output>
        </test-method> <!-- loginDDT -->
        <test-method signature="loginDDT(java.lang.String, java.lang.String)[pri:0, instance:Test.TC_03_LogIn_TestDD@7671cb68]" started-at="2021-05-01T11:27:48 EDT" name="loginDDT" data-provider="LoginData" finished-at="2021-05-01T11:27:52 EDT" duration-ms="4627" status="PASS">
          <params>
            <param index="0">
              <value>
                <![CDATA[mngr323566]]>
              </value>
            </param>
            <param index="1">
              <value>
                <![CDATA[EbAdyse]]>
              </value>
            </param>
          </params>
          <reporter-output>
          </reporter-output>
        </test-method> <!-- loginDDT -->
        <test-method signature="loginDDT(java.lang.String, java.lang.String)[pri:0, instance:Test.TC_03_LogIn_TestDD@7671cb68]" started-at="2021-05-01T11:27:52 EDT" name="loginDDT" data-provider="LoginData" finished-at="2021-05-01T11:27:57 EDT" duration-ms="4389" status="PASS">
          <params>
            <param index="0">
              <value>
                <![CDATA[mngr323566]]>
              </value>
            </param>
            <param index="1">
              <value>
                <![CDATA[EbAdyse]]>
              </value>
            </param>
          </params>
          <reporter-output>
          </reporter-output>
        </test-method> <!-- loginDDT -->
        <test-method signature="loginDDT(java.lang.String, java.lang.String)[pri:0, instance:Test.TC_03_LogIn_TestDD@7671cb68]" started-at="2021-05-01T11:27:57 EDT" name="loginDDT" data-provider="LoginData" finished-at="2021-05-01T11:28:01 EDT" duration-ms="4508" status="PASS">
          <params>
            <param index="0">
              <value>
                <![CDATA[mngr323566]]>
              </value>
            </param>
            <param index="1">
              <value>
                <![CDATA[EbAdyse]]>
              </value>
            </param>
          </params>
          <reporter-output>
          </reporter-output>
        </test-method> <!-- loginDDT -->
        <test-method is-config="true" signature="tearDown()[pri:0, instance:Test.TC_03_LogIn_TestDD@7671cb68]" started-at="2021-05-01T11:28:01 EDT" name="tearDown" finished-at="2021-05-01T11:28:02 EDT" duration-ms="671" status="PASS">
          <reporter-output>
          </reporter-output>
        </test-method> <!-- tearDown -->
      </class> <!-- Test.TC_03_LogIn_TestDD -->
      <class name="Test.TC_01_AddCustomersTest">
        <test-method is-config="true" signature="SetUp(java.lang.String)[pri:0, instance:Test.TC_01_AddCustomersTest@61386958]" started-at="2021-05-01T11:27:31 EDT" name="SetUp" finished-at="2021-05-01T11:27:33 EDT" duration-ms="1783" status="PASS">
          <params>
            <param index="0">
              <value>
                <![CDATA[chrome]]>
              </value>
            </param>
          </params>
          <reporter-output>
          </reporter-output>
        </test-method> <!-- SetUp -->
        <test-method signature="AddCust()[pri:0, instance:Test.TC_01_AddCustomersTest@61386958]" started-at="2021-05-01T11:27:33 EDT" name="AddCust" finished-at="2021-05-01T11:27:35 EDT" duration-ms="2577" status="PASS">
          <reporter-output>
          </reporter-output>
        </test-method> <!-- AddCust -->
        <test-method is-config="true" signature="tearDown()[pri:0, instance:Test.TC_01_AddCustomersTest@61386958]" started-at="2021-05-01T11:27:35 EDT" name="tearDown" finished-at="2021-05-01T11:27:36 EDT" duration-ms="676" status="PASS">
          <reporter-output>
          </reporter-output>
        </test-method> <!-- tearDown -->
      </class> <!-- Test.TC_01_AddCustomersTest -->
    </test> <!--  functionalTesting -->
  </suite> <!-- Suite1 -->
</testng-results>
