<?xml version="1.0" encoding="UTF-8"?>
<!-- Generated by org.testng.reporters.JUnitXMLReporter -->
<testsuite ignored="3" hostname="binsonPc" failures="0" tests="1" name=" functionalTesting(failed)(failed)" time="4.108" errors="0" timestamp="2021-05-01T11:27:16 EDT">
  <testcase classname="Test.TC_02_LoginTest" name="display" time="1.44"/>
  <testcase classname="Test.TC_02_LoginTest" name="getTitle" time="0.0">
    <ignored/>
  </testcase> <!-- getTitle -->
  <testcase classname="Test.TC_02_LoginTest" name="btnClickable" time="0.0">
    <ignored/>
  </testcase> <!-- btnClickable -->
  <testcase classname="Test.TC_02_LoginTest" name="LogoVerification" time="0.0">
    <ignored/>
  </testcase> <!-- LogoVerification -->
</testsuite> <!--  functionalTesting(failed)(failed) -->
